{"/Users/elizavetaturova/Desktop/frontend learning/Destructuring/src/js/app.js": {"path":"/Users/elizavetaturova/Desktop/frontend learning/Destructuring/src/js/app.js","statementMap":{"0":{"start":{"line":2,"column":2},"end":{"line":16,"column":3}},"1":{"start":{"line":3,"column":19},"end":{"line":3,"column":21}},"2":{"start":{"line":4,"column":4},"end":{"line":12,"column":5}},"3":{"start":{"line":5,"column":46},"end":{"line":5,"column":52}},"4":{"start":{"line":6,"column":6},"end":{"line":11,"column":9}},"5":{"start":{"line":13,"column":4},"end":{"line":13,"column":18}},"6":{"start":{"line":15,"column":4},"end":{"line":15,"column":42}}},"fnMap":{"0":{"name":"displayTypesOfAttacks","decl":{"start":{"line":1,"column":24},"end":{"line":1,"column":45}},"loc":{"start":{"line":1,"column":59},"end":{"line":17,"column":1}},"line":1}},"branchMap":{"0":{"loc":{"start":{"line":2,"column":2},"end":{"line":16,"column":3}},"type":"if","locations":[{"start":{"line":2,"column":2},"end":{"line":16,"column":3}},{"start":{"line":14,"column":9},"end":{"line":16,"column":3}}],"line":2},"1":{"loc":{"start":{"line":9,"column":21},"end":{"line":9,"column":57}},"type":"binary-expr","locations":[{"start":{"line":9,"column":21},"end":{"line":9,"column":32}},{"start":{"line":9,"column":36},"end":{"line":9,"column":57}}],"line":9}},"s":{"0":2,"1":1,"2":1,"3":2,"4":2,"5":1,"6":1},"f":{"0":2},"b":{"0":[1,1],"1":[2,1]},"_coverageSchema":"1a1c01bbd47fc00a2c39e90264f33305004495a9","hash":"53db8e907e5cb5d116edfaf6063cadfd23907bd7"}
}
